<?xml version="1.0" encoding="UTF-8"?>
<!-- Generated by org.testng.reporters.JUnitReportReporter -->
<testsuite skipped="0" hostname="DIIVISHARAN" name="selectclassmethods.TC_loan_004" tests="3" failures="0" timestamp="2022-01-23T20:00:42 IST" time="35.926" errors="0">
  <testcase name="ModifyAccounts" time="15.184" classname="selectclassmethods.TC_loan_004"/>
  <system-out/>
  <testcase name="createLoan" time="16.129" classname="selectclassmethods.TC_loan_004"/>
  <system-out/>
  <testcase name="repayLoan" time="4.613" classname="selectclassmethods.TC_loan_004"/>
  <system-out/>
</testsuite> <!-- selectclassmethods.TC_loan_004 -->
