<?xml version="1.0" encoding="UTF-8"?>
<!-- Generated by org.testng.reporters.JUnitReportReporter -->
<testsuite skipped="0" hostname="DIIVISHARAN" name="selectclassmethods.Tc_loan_003" tests="3" failures="0" timestamp="2022-01-23T19:57:28 IST" time="17.854" errors="0">
  <testcase name="createLoan" time="5.868" classname="selectclassmethods.Tc_loan_003"/>
  <system-out/>
  <testcase name="ModifyAccounts" time="7.404" classname="selectclassmethods.Tc_loan_003"/>
  <system-out/>
  <testcase name="repayLoan" time="4.582" classname="selectclassmethods.Tc_loan_003"/>
  <system-out/>
</testsuite> <!-- selectclassmethods.Tc_loan_003 -->
