<?xml version="1.0" encoding="UTF-8"?>
<!-- Generated by org.testng.reporters.JUnitReportReporter -->
<testsuite skipped="0" hostname="DIIVISHARAN" name="selectclassmethods.TC_Support_001" tests="4" failures="0" timestamp="2022-01-27T09:20:14 IST" time="52.336" errors="0">
  <testcase name="createRequest" time="10.801" classname="selectclassmethods.TC_Support_001"/>
  <system-out/>
  <testcase name="createRequest" time="10.456" classname="selectclassmethods.TC_Support_001"/>
  <system-out/>
  <testcase name="createRequest" time="17.945" classname="selectclassmethods.TC_Support_001"/>
  <system-out/>
  <testcase name="createRequest" time="13.134" classname="selectclassmethods.TC_Support_001"/>
  <system-out/>
</testsuite> <!-- selectclassmethods.TC_Support_001 -->
